# JRE version: 7.0_07-b10
# Java VM: Java HotSpot(TM) 64-Bit Server VM (23.3-b01 mixed mode linux-amd64 compressed oops)
Heap
 PSYoungGen      total 104960K, used 97489K [0x00000000f5560000, 0x00000000ffac0000, 0x0000000100000000)
  eden space 100480K, 97% used [0x00000000f5560000,0x00000000fb4946d8,0x00000000fb780000)
  from space 4480K, 0% used [0x00000000fb780000,0x00000000fb780000,0x00000000fbbe0000)
  to   space 34432K, 0% used [0x00000000fd920000,0x00000000fd920000,0x00000000ffac0000)
 ParOldGen       total 111040K, used 86238K [0x00000000e0000000, 0x00000000e6c70000, 0x00000000f5560000)
  object space 111040K, 77% used [0x00000000e0000000,0x00000000e5437830,0x00000000e6c70000)
 PSPermGen       total 123392K, used 84336K [0x00000000d0000000, 0x00000000d7880000, 0x00000000e0000000)
  object space 123392K, 68% used [0x00000000d0000000,0x00000000d525c220,0x00000000d7880000)
GC Heap History (10 events):
Event: 227.667 GC heap before
{Heap before GC invocations=26 (full 5):
 PSYoungGen      total 130560K, used 58836K [0x00000000f5560000, 0x0000000100000000, 0x0000000100000000)
  eden space 98304K, 59% used [0x00000000f5560000,0x00000000f8ed51d8,0x00000000fb560000)
  from space 32256K, 0% used [0x00000000fe080000,0x00000000fe080000,0x0000000100000000)
  to   space 38208K, 0% used [0x00000000fb560000,0x00000000fb560000,0x00000000fdab0000)
 ParOldGen       total 111040K, used 71100K [0x00000000e0000000, 0x00000000e6c70000, 0x00000000f5560000)
  object space 111040K, 64% used [0x00000000e0000000,0x00000000e456f3c0,0x00000000e6c70000)
 PSPermGen       total 122368K, used 80995K [0x00000000d0000000, 0x00000000d7780000, 0x00000000e0000000)
  object space 122368K, 66% used [0x00000000d0000000,0x00000000d4f18ef8,0x00000000d7780000)
Event: 227.718 GC heap after
Heap after GC invocations=26 (full 5):
 PSYoungGen      total 136512K, used 12493K [0x00000000f5560000, 0x0000000100000000, 0x0000000100000000)
  eden space 98304K, 0% used [0x00000000f5560000,0x00000000f5560000,0x00000000fb560000)
  from space 38208K, 32% used [0x00000000fb560000,0x00000000fc1935c8,0x00000000fdab0000)
  to   space 36032K, 0% used [0x00000000fdcd0000,0x00000000fdcd0000,0x0000000100000000)
 ParOldGen       total 111040K, used 72429K [0x00000000e0000000, 0x00000000e6c70000, 0x00000000f5560000)
  object space 111040K, 65% used [0x00000000e0000000,0x00000000e46bb400,0x00000000e6c70000)
 PSPermGen       total 122368K, used 80995K [0x00000000d0000000, 0x00000000d7780000, 0x00000000e0000000)
  object space 122368K, 66% used [0x00000000d0000000,0x00000000d4f18ef8,0x00000000d7780000)
}
Event: 227.718 GC heap before
{Heap before GC invocations=27 (full 6):
 PSYoungGen      total 136512K, used 12493K [0x00000000f5560000, 0x0000000100000000, 0x0000000100000000)
  eden space 98304K, 0% used [0x00000000f5560000,0x00000000f5560000,0x00000000fb560000)
  from space 38208K, 32% used [0x00000000fb560000,0x00000000fc1935c8,0x00000000fdab0000)
  to   space 36032K, 0% used [0x00000000fdcd0000,0x00000000fdcd0000,0x0000000100000000)
 ParOldGen       total 111040K, used 72429K [0x00000000e0000000, 0x00000000e6c70000, 0x00000000f5560000)
  object space 111040K, 65% used [0x00000000e0000000,0x00000000e46bb400,0x00000000e6c70000)
 PSPermGen       total 122368K, used 80995K [0x00000000d0000000, 0x00000000d7780000, 0x00000000e0000000)
  object space 122368K, 66% used [0x00000000d0000000,0x00000000d4f18ef8,0x00000000d7780000)
Event: 228.003 GC heap after
Heap after GC invocations=27 (full 6):
 PSYoungGen      total 136512K, used 0K [0x00000000f5560000, 0x0000000100000000, 0x0000000100000000)
  eden space 98304K, 0% used [0x00000000f5560000,0x00000000f5560000,0x00000000fb560000)
  from space 38208K, 0% used [0x00000000fb560000,0x00000000fb560000,0x00000000fdab0000)
  to   space 36032K, 0% used [0x00000000fdcd0000,0x00000000fdcd0000,0x0000000100000000)
 ParOldGen       total 111040K, used 84555K [0x00000000e0000000, 0x00000000e6c70000, 0x00000000f5560000)
  object space 111040K, 76% used [0x00000000e0000000,0x00000000e5292fe0,0x00000000e6c70000)
 PSPermGen       total 123584K, used 80993K [0x00000000d0000000, 0x00000000d78b0000, 0x00000000e0000000)
  object space 123584K, 65% used [0x00000000d0000000,0x00000000d4f18798,0x00000000d78b0000)
}
Event: 289.097 GC heap before
{Heap before GC invocations=28 (full 6):
 PSYoungGen      total 136512K, used 98304K [0x00000000f5560000, 0x0000000100000000, 0x0000000100000000)
  eden space 98304K, 100% used [0x00000000f5560000,0x00000000fb560000,0x00000000fb560000)
  from space 38208K, 0% used [0x00000000fb560000,0x00000000fb560000,0x00000000fdab0000)
  to   space 36032K, 0% used [0x00000000fdcd0000,0x00000000fdcd0000,0x0000000100000000)
 ParOldGen       total 111040K, used 84555K [0x00000000e0000000, 0x00000000e6c70000, 0x00000000f5560000)
  object space 111040K, 76% used [0x00000000e0000000,0x00000000e5292fe0,0x00000000e6c70000)
 PSPermGen       total 123584K, used 82979K [0x00000000d0000000, 0x00000000d78b0000, 0x00000000e0000000)
  object space 123584K, 67% used [0x00000000d0000000,0x00000000d5108d88,0x00000000d78b0000)
Event: 289.113 GC heap after
Heap after GC invocations=28 (full 6):
 PSYoungGen      total 132544K, used 6357K [0x00000000f5560000, 0x00000000ffc20000, 0x0000000100000000)
  eden space 100480K, 0% used [0x00000000f5560000,0x00000000f5560000,0x00000000fb780000)
  from space 32064K, 19% used [0x00000000fdcd0000,0x00000000fe3057f0,0x00000000ffc20000)
  to   space 35136K, 0% used [0x00000000fb780000,0x00000000fb780000,0x00000000fd9d0000)
 ParOldGen       total 111040K, used 84555K [0x00000000e0000000, 0x00000000e6c70000, 0x00000000f5560000)
  object space 111040K, 76% used [0x00000000e0000000,0x00000000e5292fe0,0x00000000e6c70000)
 PSPermGen       total 123584K, used 82979K [0x00000000d0000000, 0x00000000d78b0000, 0x00000000e0000000)
  object space 123584K, 67% used [0x00000000d0000000,0x00000000d5108d88,0x00000000d78b0000)
}
Event: 295.512 GC heap before
{Heap before GC invocations=29 (full 6):
 PSYoungGen      total 132544K, used 7707K [0x00000000f5560000, 0x00000000ffc20000, 0x0000000100000000)
  eden space 100480K, 1% used [0x00000000f5560000,0x00000000f56b1540,0x00000000fb780000)
  from space 32064K, 19% used [0x00000000fdcd0000,0x00000000fe3057f0,0x00000000ffc20000)
  to   space 35136K, 0% used [0x00000000fb780000,0x00000000fb780000,0x00000000fd9d0000)
 ParOldGen       total 111040K, used 84555K [0x00000000e0000000, 0x00000000e6c70000, 0x00000000f5560000)
  object space 111040K, 76% used [0x00000000e0000000,0x00000000e5292fe0,0x00000000e6c70000)
 PSPermGen       total 123584K, used 82979K [0x00000000d0000000, 0x00000000d78b0000, 0x00000000e0000000)
  object space 123584K, 67% used [0x00000000d0000000,0x00000000d5108f08,0x00000000d78b0000)
Event: 295.526 GC heap after
Heap after GC invocations=29 (full 6):
 PSYoungGen      total 104960K, used 4430K [0x00000000f5560000, 0x00000000ffac0000, 0x0000000100000000)
  eden space 100480K, 0% used [0x00000000f5560000,0x00000000f5560000,0x00000000fb780000)
  from space 4480K, 98% used [0x00000000fb780000,0x00000000fbbd3a78,0x00000000fbbe0000)
  to   space 34432K, 0% used [0x00000000fd920000,0x00000000fd920000,0x00000000ffac0000)
 ParOldGen       total 111040K, used 84555K [0x00000000e0000000, 0x00000000e6c70000, 0x00000000f5560000)
  object space 111040K, 76% used [0x00000000e0000000,0x00000000e5292fe0,0x00000000e6c70000)
 PSPermGen       total 123584K, used 82979K [0x00000000d0000000, 0x00000000d78b0000, 0x00000000e0000000)
  object space 123584K, 67% used [0x00000000d0000000,0x00000000d5108f08,0x00000000d78b0000)
}
Event: 295.526 GC heap before
{Heap before GC invocations=30 (full 7):
 PSYoungGen      total 104960K, used 4430K [0x00000000f5560000, 0x00000000ffac0000, 0x0000000100000000)
  eden space 100480K, 0% used [0x00000000f5560000,0x00000000f5560000,0x00000000fb780000)
  from space 4480K, 98% used [0x00000000fb780000,0x00000000fbbd3a78,0x00000000fbbe0000)
  to   space 34432K, 0% used [0x00000000fd920000,0x00000000fd920000,0x00000000ffac0000)
 ParOldGen       total 111040K, used 84555K [0x00000000e0000000, 0x00000000e6c70000, 0x00000000f5560000)
  object space 111040K, 76% used [0x00000000e0000000,0x00000000e5292fe0,0x00000000e6c70000)
 PSPermGen       total 123584K, used 82979K [0x00000000d0000000, 0x00000000d78b0000, 0x00000000e0000000)
  object space 123584K, 67% used [0x00000000d0000000,0x00000000d5108f08,0x00000000d78b0000)
Event: 295.802 GC heap after
Heap after GC invocations=30 (full 7):
 PSYoungGen      total 104960K, used 0K [0x00000000f5560000, 0x00000000ffac0000, 0x0000000100000000)
  eden space 100480K, 0% used [0x00000000f5560000,0x00000000f5560000,0x00000000fb780000)
  from space 4480K, 0% used [0x00000000fb780000,0x00000000fb780000,0x00000000fbbe0000)
  to   space 34432K, 0% used [0x00000000fd920000,0x00000000fd920000,0x00000000ffac0000)
 ParOldGen       total 111040K, used 86238K [0x00000000e0000000, 0x00000000e6c70000, 0x00000000f5560000)
  object space 111040K, 77% used [0x00000000e0000000,0x00000000e5437830,0x00000000e6c70000)
 PSPermGen       total 123392K, used 82976K [0x00000000d0000000, 0x00000000d7880000, 0x00000000e0000000)
  object space 123392K, 67% used [0x00000000d0000000,0x00000000d51080a8,0x00000000d7880000)
}

